/fastdata/acc19jc/lib/python3.9/site-packages/scipy/__init__.py:138: UserWarning: A NumPy version >=1.16.5 and <1.23.0 is required for this version of SciPy (detected version 1.26.4)
  warnings.warn(f"A NumPy version >={np_minversion} and <{np_maxversion} is required for this version of "
/fastdata/acc19jc/lib/python3.9/site-packages/torch/utils/data/dataloader.py:558: UserWarning: This DataLoader will create 8 worker processes in total. Our suggested max number of worker in current system is 1, which is smaller than what this DataLoader is going to create. Please be aware that excessive worker creation might get DataLoader running slow or even freeze, lower the worker number to avoid potential slowness/freeze if necessary.
  warnings.warn(_create_warning_msg(
Running on Training log: lightning_logs/version_3500317/

check average score 1.0
train 7700
check average score 1.0
train_val 76
test 0
  0%|          | 0/5 [00:00<?, ?it/s] 20%|██        | 1/5 [00:13<00:54, 13.62s/it] 40%|████      | 2/5 [00:14<00:18,  6.15s/it] 60%|██████    | 3/5 [00:15<00:07,  3.77s/it] 80%|████████  | 4/5 [00:16<00:02,  2.64s/it]100%|██████████| 5/5 [00:17<00:00,  1.99s/it]100%|██████████| 5/5 [00:17<00:00,  3.47s/it]
Average Jaccard Per Class = tensor([0.0001, 0.0130, 0.0169, 0.0035, 0.0155, 0.0242, 0.0610, 0.0106, 0.0000,
        0.0599, 0.0118, 0.0208, 0.0007, 0.0045, 0.0000, 0.0000],
       device='cuda:0')
tensor([0.0130, 0.0169, 0.0035, 0.0155, 0.0242, 0.0610, 0.0106, 0.0118, 0.0208,
        0.0007, 0.0045, 0.0000], device='cuda:0')
Overall Average = 0.015206273645162582
Standard Deviation (Jaccard) = 0.016355959698557854
Confusion Matrix:

tensor([[    57,    868,   4026,   3848,   4104,   7852,  12836,  15106,  12723,
          10539,  13039,  12589,  19209,  18792,  17379,  20697],
        [ 21793,   3054,   5219,   9992,   4933,  10527,  16526,  14169,   9133,
          10136,  13641,   8159,  13513,  10221,  11401,  17225],
        [ 22124,   2044,   3852,   6931,   1653,   2804,   4797,   1166,    113,
              7,      0,      0,      0,      0,      0,      0],
        [     0,     70,    539,    605,    774,   1632,   5952,  11419,   8254,
           6867,   9531,   4603,   9521,   7360,   7978,  15795],
        [ 19492,   3087,   6286,   8368,   7851,  13835,  23980,  23792,  21441,
          23914,  25596,  19621,  31652,  24018,  29392,  36118],
        [ 42005,   3008,   6451,  13162,   7171,   6599,   9930,   1956,   1907,
            320,      0,      1,     19,      5,      4,    180],
        [   555,   2142,  10155,  15249,  23256,  32029,  72066,  86165,  85258,
          83668,  72226,  54954,  90878,  94419, 101861, 134678],
        [141482,  14614,  30793,  39137,  28796,  32092,  24970,   3720,    272,
             23,      0,      0,      0,      0,      0,      0],
        [     0,      0,      0,      0,      0,      0,      0,      0,      0,
              0,      0,      0,      0,      0,      0,   1460],
        [  3166,   6645,  13694,  15719,  17070,  30484,  49115,  71331,  58904,
          64529,  59528,  47753,  86752,  75185,  84294, 102088],
        [103584,  14666,  28582,  34057,  26612,  31072,  31706,  21815,  12273,
           8737,   8794,   2881,  12926,  15178,  12799,  16524],
        [ 15786,   1224,   4580,   4961,   8302,  17259,  17588,  19563,  15248,
          16971,  20159,  11434,  14303,  18431,  23750,  27115],
        [ 26777,   4982,  12009,   3670,   3834,   7344,   6598,   4244,   6868,
           9283,   6371,   4308,    372,    288,   4314,   6389],
        [ 14544,    794,   4804,   1487,   3907,   1368,    947,    691,    517,
            895,    940,   1530,   2299,   1662,   1818,   1213],
        [  1325,     15,     33,    230,    330,    413,    589,    568,    498,
             55,      0,      0,      0,      0,      0,      0],
        [     0,      0,      0,      0,      0,      0,      0,      0,      0,
              0,      0,      0,      0,      0,      0,      0]],
       device='cuda:0')
