/fastdata/acc19jc/lib/python3.9/site-packages/scipy/__init__.py:138: UserWarning: A NumPy version >=1.16.5 and <1.23.0 is required for this version of SciPy (detected version 1.26.4)
  warnings.warn(f"A NumPy version >={np_minversion} and <{np_maxversion} is required for this version of "
/fastdata/acc19jc/lib/python3.9/site-packages/torch/utils/data/dataloader.py:558: UserWarning: This DataLoader will create 8 worker processes in total. Our suggested max number of worker in current system is 1, which is smaller than what this DataLoader is going to create. Please be aware that excessive worker creation might get DataLoader running slow or even freeze, lower the worker number to avoid potential slowness/freeze if necessary.
  warnings.warn(_create_warning_msg(
Running on Training log: lightning_logs/version_3487710/

check average score 1.0
train 19000
check average score 1.0
train_val 76
test 0
  0%|          | 0/5 [00:00<?, ?it/s] 20%|██        | 1/5 [00:21<01:25, 21.46s/it] 40%|████      | 2/5 [00:22<00:28,  9.39s/it] 60%|██████    | 3/5 [00:23<00:11,  5.53s/it] 80%|████████  | 4/5 [00:24<00:03,  3.72s/it]100%|██████████| 5/5 [00:25<00:00,  2.69s/it]100%|██████████| 5/5 [00:25<00:00,  5.06s/it]
[-8.98947   -8.985893  -8.976619  ...  5.5747414  5.575285   5.575649 ]
[-8.861716  -8.8603945 -8.85991   ...  5.368308   5.3699894  5.3713155]
[-9.867051  -9.866875  -9.8631735 ...  6.913092   6.9168305  6.919349 ]
[-9.101584  -9.098462  -9.098448  ...  5.417785   5.417943   5.4198785]
[-9.988929  -9.981889  -9.97866   ...  4.6789694  4.6794777  4.681594 ]
Average Jaccard Per Class = tensor([0.0000, 0.0303, 0.0249, 0.0053, 0.0009, 0.0278, 0.0000, 0.0000, 0.0000,
        0.0619, 0.0426, 0.0298, 0.0015, 0.0019, 0.0000, 0.0000],
       device='cuda:0')
tensor([0.0303, 0.0249, 0.0053, 0.0009, 0.0278, 0.0000, 0.0000, 0.0426, 0.0298,
        0.0015, 0.0019, 0.0000], device='cuda:0')
Overall Average = 0.013752792030572891
Standard Deviation (Jaccard) = 0.015897676348686218
Confusion Matrix:

tensor([[     0,      0,      0,      0,      0,      0,      0,     14,   7104,
          23218,  41440,  72067,  53166,  41451,  59359,  56641],
        [ 86944,  13840,  18593,  23692,  16062,   9876,      0,    192,   4337,
          16807,  15573,  21087,  16036,  22361,  28035,  24375],
        [ 26638,   4014,   4519,  11257,   6630,   3852,      4,      0,      0,
           1475,   2321,   1954,   1960,   1654,   2208,   3729],
        [  2439,     41,    144,   1152,    683,    544,      0,     48,    221,
            707,   1215,   1033,    699,   1020,   2687,   1329],
        [  1873,    197,    308,    787,    393,      0,      0,    324,  12422,
          18113,  28504,  53145,  33122,  26717,  52031,  32498],
        [ 61669,   8464,  11436,  20533,  13449,   6043,     28,      0,      0,
              0,      0,      0,      0,      0,      0,      0],
        [     0,      0,      0,      0,      0,      0,      0,   2639,  34312,
          80989, 100255, 134392, 103934,  91798, 158611, 105957],
        [183559,  52409,  38980,  62306,  43915,  18005,   2782,      0,      0,
              0,      0,      0,      0,      0,      0,      0],
        [     0,      0,      0,      0,      0,      0,      0,      0,      0,
              0,      0,      0,      0,      0,      0,      0],
        [     0,      0,      0,      0,      0,      0,      0,    929,  15154,
          47462,  70727,  80085,  60139,  58392, 102829,  64581],
        [134342,  19867,  28021,  37303,  26167,  10632,    179,   3116,  18923,
          39067,  42138,  57445,  50022,  45787,  74058,  54416],
        [ 68066,  19081,  16318,  32903,  20269,   6482,   2576,    121,  11687,
           6007,  14976,  33267,  26314,  13252,  27383,  11053],
        [ 37100,   3613,   8060,  11226,  10156,   2878,      0,      0,    157,
            252,    191,   1280,   1235,    502,    930,    362],
        [  1104,    173,    266,    533,    161,     86,      0,      0,      1,
            469,    693,    756,    846,    589,    524,    740],
        [  1586,     41,    216,    227,    192,    225,      0,      0,      0,
              0,      0,      0,      0,      0,      0,      0],
        [     0,      0,      0,      0,      0,      0,      0,      0,      0,
              0,      0,      0,      0,      0,      0,      0]],
       device='cuda:0')
