/fastdata/acc19jc/lib/python3.9/site-packages/scipy/__init__.py:138: UserWarning: A NumPy version >=1.16.5 and <1.23.0 is required for this version of SciPy (detected version 1.26.4)
  warnings.warn(f"A NumPy version >={np_minversion} and <{np_maxversion} is required for this version of "
/fastdata/acc19jc/lib/python3.9/site-packages/torch/utils/data/dataloader.py:558: UserWarning: This DataLoader will create 8 worker processes in total. Our suggested max number of worker in current system is 1, which is smaller than what this DataLoader is going to create. Please be aware that excessive worker creation might get DataLoader running slow or even freeze, lower the worker number to avoid potential slowness/freeze if necessary.
  warnings.warn(_create_warning_msg(
check average score 1.0
train 770
check average score 1.0
train_val 76
test 0
### Data loaded #######
Dataloader length == 5
  0%|          | 0/5 [00:00<?, ?it/s] 20%|██        | 1/5 [00:20<01:22, 20.59s/it] 40%|████      | 2/5 [00:21<00:27,  9.01s/it] 60%|██████    | 3/5 [00:22<00:10,  5.31s/it] 80%|████████  | 4/5 [00:23<00:03,  3.57s/it]100%|██████████| 5/5 [00:24<00:00,  2.57s/it]100%|██████████| 5/5 [00:24<00:00,  4.85s/it]
---- Batch 0 ----
PREDS:

torch.Size([1048576]) torch.Size([1048576])
---- Batch 1 ----
PREDS:

torch.Size([1048576]) torch.Size([1048576])
---- Batch 2 ----
PREDS:

torch.Size([1048576]) torch.Size([1048576])
---- Batch 3 ----
PREDS:

torch.Size([1048576]) torch.Size([1048576])
---- Batch 4 ----
PREDS:

torch.Size([786432]) torch.Size([786432])
tensor([6.7357e-02, 3.0779e-02, 2.6115e-03, 1.0369e-05, 0.0000e+00, 0.0000e+00,
        0.0000e+00, 0.0000e+00, 1.0369e-02, 2.9164e-03, 1.0127e-04, 0.0000e+00],
       device='cuda:0')
tensor(0.0095, device='cuda:0')
