/fastdata/acc19jc/lib/python3.9/site-packages/scipy/__init__.py:138: UserWarning: A NumPy version >=1.16.5 and <1.23.0 is required for this version of SciPy (detected version 1.26.4)
  warnings.warn(f"A NumPy version >={np_minversion} and <{np_maxversion} is required for this version of "
/fastdata/acc19jc/lib/python3.9/site-packages/torch/utils/data/dataloader.py:558: UserWarning: This DataLoader will create 8 worker processes in total. Our suggested max number of worker in current system is 1, which is smaller than what this DataLoader is going to create. Please be aware that excessive worker creation might get DataLoader running slow or even freeze, lower the worker number to avoid potential slowness/freeze if necessary.
  warnings.warn(_create_warning_msg(
Running on Training log: lightning_logs/version_3500776/

check average score 0.8767394736842279
train 19000
check average score 1.0
train_val 76
test 0
  0%|          | 0/5 [00:00<?, ?it/s] 20%|██        | 1/5 [00:58<03:52, 58.03s/it] 40%|████      | 2/5 [00:58<01:13, 24.43s/it] 60%|██████    | 3/5 [00:59<00:27, 13.69s/it] 80%|████████  | 4/5 [01:00<00:08,  8.64s/it]100%|██████████| 5/5 [01:01<00:00,  5.83s/it]100%|██████████| 5/5 [01:01<00:00, 12.36s/it]
Unique values in preds after scaling: tensor([ 0,  1,  2,  3,  4,  5,  6,  7,  8,  9, 10, 11, 12, 13, 14, 15],
       device='cuda:0')

Preds:
cuda:0 torch.int64 torch.Size([65536, 16]) tensor(0, device='cuda:0') tensor(15, device='cuda:0')

Target:
cuda:0 torch.int64 torch.Size([65536, 16]) tensor(0, device='cuda:0') tensor(14, device='cuda:0')
Unique values in preds after scaling: tensor([ 0,  1,  2,  3,  4,  5,  6,  7,  8,  9, 10, 11, 12, 13, 14, 15],
       device='cuda:0')

Preds:
cuda:0 torch.int64 torch.Size([65536, 16]) tensor(0, device='cuda:0') tensor(15, device='cuda:0')

Target:
cuda:0 torch.int64 torch.Size([65536, 16]) tensor(0, device='cuda:0') tensor(12, device='cuda:0')
Unique values in preds after scaling: tensor([ 0,  1,  2,  3,  4,  5,  6,  7,  8,  9, 10, 11, 12, 13, 14, 15],
       device='cuda:0')

Preds:
cuda:0 torch.int64 torch.Size([65536, 16]) tensor(0, device='cuda:0') tensor(15, device='cuda:0')

Target:
cuda:0 torch.int64 torch.Size([65536, 16]) tensor(0, device='cuda:0') tensor(11, device='cuda:0')
Unique values in preds after scaling: tensor([ 0,  1,  2,  3,  4,  5,  6,  7,  8,  9, 10, 11, 12, 13, 14, 15],
       device='cuda:0')

Preds:
cuda:0 torch.int64 torch.Size([65536, 16]) tensor(0, device='cuda:0') tensor(15, device='cuda:0')

Target:
cuda:0 torch.int64 torch.Size([65536, 16]) tensor(0, device='cuda:0') tensor(12, device='cuda:0')
Unique values in preds after scaling: tensor([ 0,  1,  2,  3,  4,  5,  6,  7,  8,  9, 10, 11, 12, 13, 14, 15],
       device='cuda:0')

Preds:
cuda:0 torch.int64 torch.Size([65536, 12]) tensor(0, device='cuda:0') tensor(15, device='cuda:0')

Target:
cuda:0 torch.int64 torch.Size([65536, 12]) tensor(0, device='cuda:0') tensor(11, device='cuda:0')
Average Jaccard Per Class = tensor([0.0000, 0.0083, 0.0157, 0.0000, 0.0191, 0.0417, 0.0000, 0.0736, 0.0000,
        0.0000, 0.0761, 0.0305, 0.0165, 0.0000, 0.0000, 0.0000],
       device='cuda:0')
tensor([0.0083, 0.0157, 0.0000, 0.0191, 0.0417, 0.0000, 0.0736, 0.0761, 0.0305,
        0.0165, 0.0000, 0.0000], device='cuda:0')
Overall Average = 0.02345757745206356
Standard Deviation (Jaccard) = 0.02734195627272129
Mean Accuracy = 0.07839812785387039, Accuracy Standard Dev. = 0.013661181899109026
Confusion Matrix:

tensor([[     0,      0,      0,      0,      0,      0,      0,      0,      0,
              0,      0,      0,      0,      0,      0,      0],
        [   566,   3179,  13017,  28142,  28169,  23884,  12316,  33127,  50472,
          46061,  38500,  14658,  20019,  15551,  12869,      1],
        [   216,   1129,   4560,   9677,  13958,  10952,   5146,  12968,  19006,
          19096,  20361,   6428,   8004,   5584,   5709,      0],
        [     0,      0,      0,      0,      0,      0,      0,      0,      0,
              0,      0,      0,      0,      0,      0,      0],
        [     0,   1698,   4575,  10666,  13269,  13145,   2393,  12856,  15061,
          13028,  22721,   9432,   9177,   3735,   7275,      0],
        [   950,   3472,  13132,  32199,  35858,  29454,  23561,  34732,  62438,
          74580,  41715,  14541,  23708,  19561,  14403,      0],
        [     0,      0,      0,      0,      0,      0,      0,      0,      0,
              0,      0,      0,      0,      0,      0,      0],
        [  2304,  16896,  50227,  85906, 104398,  91061,  60097, 116446, 168799,
         170884, 145863,  64473,  68335,  54858,  43328,      2],
        [     0,      0,      0,      0,      0,      0,      0,      0,      0,
              0,      0,      0,      0,      0,      0,      0],
        [     0,      0,      0,      0,      0,      0,      0,      0,      0,
              0,      0,      0,      0,      0,      0,      0],
        [  4876,  15498,  33430,  56476,  65479,  59200,  39844,  81158, 117145,
         105972,  97044,  42568,  53918,  37369,  28135,      0],
        [   684,   3645,  12417,  29337,  36652,  42926,  22462,  39978,  65671,
          77883,  60852,  30000,  33173,  21412,  15095,      0],
        [   518,   3500,   8372,  13186,  14264,  17107,   9519,  24224,  24908,
          17056,  23310,  13712,  12128,   9033,   5770,      1],
        [     0,      0,      0,      0,      0,      0,      0,      0,      0,
              0,      0,      0,      0,      0,      0,      0],
        [     0,      0,      1,      2,      8,      6,      7,      1,      7,
             11,     10,      6,      1,      1,      0,      0],
        [     0,      0,      0,      0,      0,      0,      0,      0,      0,
              0,      0,      0,      0,      0,      0,      0]],
       device='cuda:0')
